<?xml version="1.0" encoding="UTF-8"?>
<!-- Generated by org.testng.reporters.JUnitReportReporter -->
<testsuite skipped="0" hostname="Vicky-PC" name="Refer" tests="2" failures="0" timestamp="23 Jul 2017 04:57:37 GMT" time="0.011" errors="0">
  <testcase name="f" time="0.007" classname="Refer"/>
  <testcase name="f" time="0.004" classname="Refer"/>
</testsuite> <!-- Refer -->
