<?xml version="1.0" encoding="UTF-8"?>
<!-- Generated by org.testng.reporters.JUnitReportReporter -->
<testsuite skipped="0" hostname="Vicky-PC" name="CreateAccount" tests="1" failures="0" timestamp="22 Jul 2017 19:09:01 GMT" time="0.007" errors="0">
  <testcase name="newacc" time="0.007" classname="CreateAccount"/>
</testsuite> <!-- CreateAccount -->
